



[2025-06-27T11:58:44.583Z] Movie added: Test Post
[2025-06-27T12:03:26.424Z] Movie added: Test Post 2
[2025-06-27T12:09:52.885Z] Movie added: Breaking Bad
[2025-06-27T12:10:29.434Z] Movie deleted: breaking-bad9
[2025-06-27T12:10:44.242Z] Movie deleted: test-post2
[2025-06-27T12:10:54.000Z] Movie deleted: test-post
[2025-06-27T12:12:53.492Z] Post updated: hells-paradise
[2025-06-27T12:13:48.790Z] Series added: Test Series Anime
[2025-06-27T12:14:59.441Z] Post updated: hells-paradise
[2025-06-27T12:16:33.184Z] Post updated: hells-paradise
[2025-06-27T12:26:12.876Z] Post updated: hells-paradise
[2025-06-27T12:30:02.950Z] Post updated: i-want-to-eat-your-pancreas
[2025-06-27T12:31:23.916Z] Post updated: jujutsu_kaisen
[2025-06-27T12:32:45.948Z] Post updated: jujutsu_kaisen
[2025-06-27T12:33:27.399Z] Post updated: demon_slayer
[2025-06-27T12:44:43.263Z] Post updated: naruto
[2025-06-27T12:45:06.646Z] Post updated: pathaan
[2025-06-27T12:45:29.073Z] Post updated: gully-boy
[2025-06-27T12:45:43.860Z] Post updated: baahubali-2
[2025-06-27T12:46:03.047Z] Post updated: pk
[2025-06-27T12:46:16.187Z] Post updated: dangal
[2025-06-27T12:46:32.345Z] Post updated: 3-idiots
[2025-06-27T12:46:46.490Z] Post updated: pushpa-the-rise
[2025-06-27T12:47:06.823Z] Post updated: darling-in-the-franxx
[2025-06-27T12:47:25.348Z] Post updated: the-boys
[2025-06-27T12:47:44.501Z] Post updated: the-americas
[2025-06-27T12:48:02.350Z] Post updated: inception
